<?xml version="1.0" encoding="UTF-8"?>
<!-- Generated by org.testng.reporters.JUnitReportReporter -->
<testsuite hostname="DESKTOP-AIS7TFA" failures="0" tests="3" name="com.luma.testcases.TC_SearchBoxSuggestions" time="18.375" errors="0" timestamp="2024-06-17T22:41:15 IST" skipped="0">
  <testcase classname="com.luma.testcases.TC_SearchBoxSuggestions" name="test1" time="8.053"/>
  <testcase classname="com.luma.testcases.TC_SearchBoxSuggestions" name="test2" time="4.884"/>
  <testcase classname="com.luma.testcases.TC_SearchBoxSuggestions" name="test3" time="5.438"/>
</testsuite> <!-- com.luma.testcases.TC_SearchBoxSuggestions -->
