<?xml version="1.0" encoding="UTF-8"?>
<!-- Generated by org.testng.reporters.JUnitReportReporter -->
<testsuite hostname="DESKTOP-AIS7TFA" failures="0" tests="3" name="com.luma.testcases.TC_RegisterPage_002" time="15.852" errors="0" timestamp="2024-06-05T19:00:23 IST" skipped="0">
  <testcase classname="com.luma.testcases.TC_RegisterPage_002" name="test1" time="8.141"/>
  <testcase classname="com.luma.testcases.TC_RegisterPage_002" name="test2" time="7.633"/>
  <testcase classname="com.luma.testcases.TC_RegisterPage_002" name="testUserVerify" time="0.078"/>
</testsuite> <!-- com.luma.testcases.TC_RegisterPage_002 -->
