<?xml version="1.0" encoding="UTF-8"?>
<!-- Generated by org.testng.reporters.JUnitReportReporter -->
<testsuite hostname="DESKTOP-AIS7TFA" failures="0" tests="4" name="com.luma.testcases.TC_CrossBrowserTest" time="39.888" errors="0" timestamp="2024-06-06T21:32:45 IST" skipped="0">
  <testcase classname="com.luma.testcases.TC_CrossBrowserTest" name="launchBrowser" time="6.593"/>
  <testcase classname="com.luma.testcases.TC_CrossBrowserTest" name="url" time="14.995"/>
  <testcase classname="com.luma.testcases.TC_CrossBrowserTest" name="url" time="14.645"/>
  <testcase classname="com.luma.testcases.TC_CrossBrowserTest" name="launchBrowser" time="3.655"/>
</testsuite> <!-- com.luma.testcases.TC_CrossBrowserTest -->
