<?xml version="1.0" encoding="UTF-8"?>
<!-- Generated by org.testng.reporters.JUnitReportReporter -->
<testsuite hostname="DESKTOP-AIS7TFA" failures="0" tests="5" name="com.luma.testcases.TC_LogInTest" time="15.973" errors="0" timestamp="2024-06-17T22:41:15 IST" skipped="0">
  <testcase classname="com.luma.testcases.TC_LogInTest" name="test1" time="8.461"/>
  <testcase classname="com.luma.testcases.TC_LogInTest" name="test2" time="0.094"/>
  <testcase classname="com.luma.testcases.TC_LogInTest" name="test3" time="0.120"/>
  <testcase classname="com.luma.testcases.TC_LogInTest" name="test4" time="4.217"/>
  <testcase classname="com.luma.testcases.TC_LogInTest" name="test5" time="3.081"/>
</testsuite> <!-- com.luma.testcases.TC_LogInTest -->
