<?xml version="1.0" encoding="UTF-8"?>
<!-- Generated by org.testng.reporters.JUnitReportReporter -->
<testsuite hostname="DESKTOP-AIS7TFA" failures="0" tests="3" name="com.luma.testcases.TC_ValidateMainElements" time="9.896" errors="0" timestamp="2024-06-17T22:41:15 IST" skipped="0">
  <testcase classname="com.luma.testcases.TC_ValidateMainElements" name="test1" time="6.144"/>
  <testcase classname="com.luma.testcases.TC_ValidateMainElements" name="test2" time="0.725"/>
  <testcase classname="com.luma.testcases.TC_ValidateMainElements" name="test3" time="3.027"/>
</testsuite> <!-- com.luma.testcases.TC_ValidateMainElements -->
