<?xml version="1.0" encoding="UTF-8"?>
<!-- Generated by org.testng.reporters.JUnitReportReporter -->
<testsuite hostname="DESKTOP-AIS7TFA" failures="0" tests="3" name="com.luma.testcases.TC_ValidateMainElements_005" time="8.301" errors="0" timestamp="2024-06-06T18:17:39 IST" skipped="0">
  <testcase classname="com.luma.testcases.TC_ValidateMainElements_005" name="test2" time="0.292"/>
  <testcase classname="com.luma.testcases.TC_ValidateMainElements_005" name="test1" time="7.977"/>
  <testcase classname="com.luma.testcases.TC_ValidateMainElements_005" name="test3" time="0.032"/>
</testsuite> <!-- com.luma.testcases.TC_ValidateMainElements_005 -->
