<?xml version="1.0" encoding="UTF-8"?>
<!-- Generated by org.testng.reporters.JUnitReportReporter -->
<testsuite hostname="DESKTOP-AIS7TFA" failures="0" tests="3" name="com.luma.testcases.InvalidProductResult" time="25.673" errors="0" timestamp="2024-06-11T16:35:21 IST" skipped="0">
  <testcase classname="com.luma.testcases.InvalidProductResult" name="test1" time="8.521"/>
  <testcase classname="com.luma.testcases.InvalidProductResult" name="test2" time="7.100"/>
  <testcase classname="com.luma.testcases.InvalidProductResult" name="test3" time="10.052"/>
</testsuite> <!-- com.luma.testcases.InvalidProductResult -->
