<?xml version="1.0" encoding="UTF-8"?>
<!-- Generated by org.testng.reporters.JUnitReportReporter -->
<testsuite hostname="DESKTOP-AIS7TFA" failures="0" tests="3" name="com.luma.testcases.TC_LogInTest_003" time="17.191" errors="0" timestamp="2024-06-05T21:07:36 IST" skipped="0">
  <testcase classname="com.luma.testcases.TC_LogInTest_003" name="test1" time="9.829"/>
  <testcase classname="com.luma.testcases.TC_LogInTest_003" name="test2" time="4.266"/>
  <testcase classname="com.luma.testcases.TC_LogInTest_003" name="test3" time="3.096"/>
</testsuite> <!-- com.luma.testcases.TC_LogInTest_003 -->
