<?xml version="1.0" encoding="UTF-8"?>
<!-- Generated by org.testng.reporters.JUnitReportReporter -->
<testsuite hostname="DESKTOP-AIS7TFA" failures="0" tests="1" name="com.luma.testcases.TC_LinkTest_001" time="9.666" errors="0" timestamp="2024-06-05T21:32:00 IST" skipped="0">
  <testcase classname="com.luma.testcases.TC_LinkTest_001" name="linkTest" time="9.666"/>
</testsuite> <!-- com.luma.testcases.TC_LinkTest_001 -->
