<?xml version="1.0" encoding="UTF-8"?>
<!-- Generated by org.testng.reporters.JUnitReportReporter -->
<testsuite hostname="DESKTOP-AIS7TFA" failures="0" tests="2" name="com.luma.testcases.TC_LinksVerification" time="10.100" errors="0" timestamp="2024-06-17T22:41:15 IST" skipped="0">
  <testcase classname="com.luma.testcases.TC_LinksVerification" name="test2" time="2.100"/>
  <testcase classname="com.luma.testcases.TC_LinksVerification" name="test1" time="8.000"/>
</testsuite> <!-- com.luma.testcases.TC_LinksVerification -->
