<?xml version="1.0" encoding="UTF-8"?>
<!-- Generated by org.testng.reporters.JUnitReportReporter -->
<testsuite hostname="DESKTOP-AIS7TFA" failures="0" tests="3" name="com.luma.testcases.TC_InvalidProductResult" time="21.536" errors="0" timestamp="2024-06-17T22:41:15 IST" skipped="0">
  <testcase classname="com.luma.testcases.TC_InvalidProductResult" name="test1" time="7.136"/>
  <testcase classname="com.luma.testcases.TC_InvalidProductResult" name="test2" time="4.852"/>
  <testcase classname="com.luma.testcases.TC_InvalidProductResult" name="test3" time="9.548"/>
</testsuite> <!-- com.luma.testcases.TC_InvalidProductResult -->
