<?xml version="1.0" encoding="UTF-8"?>
<!-- Generated by org.testng.reporters.JUnitReportReporter -->
<testsuite hostname="DESKTOP-AIS7TFA" failures="0" tests="4" name="com.luma.testcases.TC_ShippingandReviewPayment" time="97.700" errors="0" timestamp="2024-06-17T22:41:15 IST" skipped="0">
  <testcase classname="com.luma.testcases.TC_ShippingandReviewPayment" name="test1" time="7.154"/>
  <testcase classname="com.luma.testcases.TC_ShippingandReviewPayment" name="test2" time="4.283"/>
  <testcase classname="com.luma.testcases.TC_ShippingandReviewPayment" name="test3" time="39.180"/>
  <testcase classname="com.luma.testcases.TC_ShippingandReviewPayment" name="test4" time="47.083"/>
</testsuite> <!-- com.luma.testcases.TC_ShippingandReviewPayment -->
