<?xml version="1.0" encoding="UTF-8"?>
<!-- Generated by org.testng.reporters.JUnitReportReporter -->
<testsuite hostname="DESKTOP-AIS7TFA" failures="0" tests="1" name="com.luma.testcases.TC_LinkTest" time="8.666" errors="0" timestamp="2024-06-17T22:41:15 IST" skipped="0">
  <testcase classname="com.luma.testcases.TC_LinkTest" name="linkTest" time="8.666"/>
</testsuite> <!-- com.luma.testcases.TC_LinkTest -->
