<?xml version="1.0" encoding="UTF-8"?>
<!-- Generated by org.testng.reporters.JUnitReportReporter -->
<testsuite hostname="DESKTOP-AIS7TFA" failures="0" tests="3" name="com.luma.testcases.TC_SearchProduct" time="19.390" errors="0" timestamp="2024-06-17T22:41:15 IST" skipped="0">
  <testcase classname="com.luma.testcases.TC_SearchProduct" name="test1" time="8.341"/>
  <testcase classname="com.luma.testcases.TC_SearchProduct" name="test2" time="4.720"/>
  <testcase classname="com.luma.testcases.TC_SearchProduct" name="test3" time="6.329"/>
</testsuite> <!-- com.luma.testcases.TC_SearchProduct -->
