<?xml version="1.0" encoding="UTF-8"?>
<!-- Generated by org.testng.reporters.JUnitReportReporter -->
<testsuite hostname="DESKTOP-AIS7TFA" failures="0" tests="2" name="com.luma.testcases.TC_LinksVerification_004" time="10.256" errors="0" timestamp="2024-06-06T17:36:01 IST" skipped="0">
  <testcase classname="com.luma.testcases.TC_LinksVerification_004" name="test1" time="8.067"/>
  <testcase classname="com.luma.testcases.TC_LinksVerification_004" name="test2" time="2.189"/>
</testsuite> <!-- com.luma.testcases.TC_LinksVerification_004 -->
