<?xml version="1.0" encoding="UTF-8"?>
<!-- Generated by org.testng.reporters.JUnitReportReporter -->
<testsuite hostname="DESKTOP-AIS7TFA" failures="0" tests="2" name="com.luma.testcases.TC_InvalidLoginTest" time="15.432" errors="0" timestamp="2024-06-17T22:41:15 IST" skipped="0">
  <testcase classname="com.luma.testcases.TC_InvalidLoginTest" name="test1" time="6.599"/>
  <testcase classname="com.luma.testcases.TC_InvalidLoginTest" name="test2" time="8.833"/>
</testsuite> <!-- com.luma.testcases.TC_InvalidLoginTest -->
