<?xml version="1.0" encoding="UTF-8"?>
<!-- Generated by org.testng.reporters.JUnitReportReporter -->
<testsuite hostname="DESKTOP-AIS7TFA" failures="0" tests="3" name="com.luma.testcases.TC_CompareandAddProducts" time="89.155" errors="0" timestamp="2024-06-17T22:41:15 IST" skipped="0">
  <testcase classname="com.luma.testcases.TC_CompareandAddProducts" name="test1" time="6.687"/>
  <testcase classname="com.luma.testcases.TC_CompareandAddProducts" name="test2" time="4.979"/>
  <testcase classname="com.luma.testcases.TC_CompareandAddProducts" name="test3" time="77.489"/>
</testsuite> <!-- com.luma.testcases.TC_CompareandAddProducts -->
